# JRE version: OpenJDK Runtime Environment Temurin-17.0.17+10 (17.0.17+10) (build 17.0.17+10)
# Java VM: OpenJDK 64-Bit Server VM Temurin-17.0.17+10 (17.0.17+10, mixed mode, sharing, tiered, compressed oops, compressed class ptrs, g1 gc, windows-amd64)
GC Precious Log:
 CPUs: 12 total, 12 available
 Memory: 5989M
 Large Page Support: Disabled
 NUMA Support: Disabled
 Compressed Oops: Enabled (32-bit)
 Heap Region Size: 1M
 Heap Min Capacity: 8M
 Heap Initial Capacity: 94M
 Heap Max Capacity: 1498M
 Pre-touch: Disabled
 Parallel Workers: 10
 Concurrent Workers: 3
 Concurrent Refinement Workers: 10
 Periodic GC: Disabled
Heap:
 garbage-first heap   total 116736K, used 68808K [0x00000000a2600000, 0x0000000100000000)
  region size 1024K, 1 young (1024K), 1 survivors (1024K)
 Metaspace       used 64524K, committed 64832K, reserved 1114112K
  class space    used 7494K, committed 7616K, reserved 1048576K
GC Heap History (20 events):
Event: 12.073 GC heap after
{Heap after GC invocations=11 (full 0):
 garbage-first heap   total 89088K, used 37888K [0x00000000a2600000, 0x0000000100000000)
  region size 1024K, 4 young (4096K), 4 survivors (4096K)
 Metaspace       used 40917K, committed 41216K, reserved 1114112K
  class space    used 4894K, committed 5056K, reserved 1048576K
}
Event: 14.023 GC heap before
{Heap before GC invocations=11 (full 0):
 garbage-first heap   total 89088K, used 65536K [0x00000000a2600000, 0x0000000100000000)
  region size 1024K, 31 young (31744K), 4 survivors (4096K)
 Metaspace       used 48012K, committed 48320K, reserved 1114112K
  class space    used 5822K, committed 5952K, reserved 1048576K
}
Event: 14.045 GC heap after
{Heap after GC invocations=12 (full 0):
 garbage-first heap   total 89088K, used 41266K [0x00000000a2600000, 0x0000000100000000)
  region size 1024K, 3 young (3072K), 3 survivors (3072K)
 Metaspace       used 48012K, committed 48320K, reserved 1114112K
  class space    used 5822K, committed 5952K, reserved 1048576K
}
Event: 15.440 GC heap before
{Heap before GC invocations=12 (full 0):
 garbage-first heap   total 89088K, used 65842K [0x00000000a2600000, 0x0000000100000000)
  region size 1024K, 28 young (28672K), 3 survivors (3072K)
 Metaspace       used 50301K, committed 50624K, reserved 1114112K
  class space    used 6056K, committed 6208K, reserved 1048576K
}
Event: 15.474 GC heap after
{Heap after GC invocations=13 (full 0):
 garbage-first heap   total 89088K, used 45056K [0x00000000a2600000, 0x0000000100000000)
  region size 1024K, 4 young (4096K), 4 survivors (4096K)
 Metaspace       used 50301K, committed 50624K, reserved 1114112K
  class space    used 6056K, committed 6208K, reserved 1048576K
}
Event: 16.807 GC heap before
{Heap before GC invocations=13 (full 0):
 garbage-first heap   total 89088K, used 68608K [0x00000000a2600000, 0x0000000100000000)
  region size 1024K, 27 young (27648K), 4 survivors (4096K)
 Metaspace       used 50557K, committed 50880K, reserved 1114112K
  class space    used 6058K, committed 6208K, reserved 1048576K
}
Event: 16.846 GC heap after
{Heap after GC invocations=14 (full 0):
 garbage-first heap   total 107520K, used 49991K [0x00000000a2600000, 0x0000000100000000)
  region size 1024K, 4 young (4096K), 4 survivors (4096K)
 Metaspace       used 50557K, committed 50880K, reserved 1114112K
  class space    used 6058K, committed 6208K, reserved 1048576K
}
Event: 17.851 GC heap before
{Heap before GC invocations=15 (full 0):
 garbage-first heap   total 107520K, used 80711K [0x00000000a2600000, 0x0000000100000000)
  region size 1024K, 35 young (35840K), 4 survivors (4096K)
 Metaspace       used 54532K, committed 54912K, reserved 1114112K
  class space    used 6431K, committed 6592K, reserved 1048576K
}
Event: 17.873 GC heap after
{Heap after GC invocations=16 (full 0):
 garbage-first heap   total 107520K, used 54272K [0x00000000a2600000, 0x0000000100000000)
  region size 1024K, 4 young (4096K), 4 survivors (4096K)
 Metaspace       used 54532K, committed 54912K, reserved 1114112K
  class space    used 6431K, committed 6592K, reserved 1048576K
}
Event: 19.005 GC heap before
{Heap before GC invocations=16 (full 0):
 garbage-first heap   total 107520K, used 82944K [0x00000000a2600000, 0x0000000100000000)
  region size 1024K, 32 young (32768K), 4 survivors (4096K)
 Metaspace       used 56708K, committed 57024K, reserved 1114112K
  class space    used 6608K, committed 6720K, reserved 1048576K
}
Event: 19.031 GC heap after
{Heap after GC invocations=17 (full 0):
 garbage-first heap   total 107520K, used 59392K [0x00000000a2600000, 0x0000000100000000)
  region size 1024K, 4 young (4096K), 4 survivors (4096K)
 Metaspace       used 56708K, committed 57024K, reserved 1114112K
  class space    used 6608K, committed 6720K, reserved 1048576K
}
Event: 19.570 GC heap before
{Heap before GC invocations=18 (full 0):
 garbage-first heap   total 107520K, used 83968K [0x00000000a2600000, 0x0000000100000000)
  region size 1024K, 28 young (28672K), 4 survivors (4096K)
 Metaspace       used 57495K, committed 57792K, reserved 1114112K
  class space    used 6659K, committed 6784K, reserved 1048576K
}
Event: 19.600 GC heap after
{Heap after GC invocations=19 (full 0):
 garbage-first heap   total 107520K, used 64512K [0x00000000a2600000, 0x0000000100000000)
  region size 1024K, 4 young (4096K), 4 survivors (4096K)
 Metaspace       used 57495K, committed 57792K, reserved 1114112K
  class space    used 6659K, committed 6784K, reserved 1048576K
}
Event: 19.626 GC heap before
{Heap before GC invocations=19 (full 0):
 garbage-first heap   total 107520K, used 65536K [0x00000000a2600000, 0x0000000100000000)
  region size 1024K, 5 young (5120K), 4 survivors (4096K)
 Metaspace       used 57498K, committed 57792K, reserved 1114112K
  class space    used 6659K, committed 6784K, reserved 1048576K
}
Event: 19.635 GC heap after
{Heap after GC invocations=20 (full 0):
 garbage-first heap   total 107520K, used 65282K [0x00000000a2600000, 0x0000000100000000)
  region size 1024K, 1 young (1024K), 1 survivors (1024K)
 Metaspace       used 57498K, committed 57792K, reserved 1114112K
  class space    used 6659K, committed 6784K, reserved 1048576K
}
Event: 20.309 GC heap before
{Heap before GC invocations=20 (full 0):
 garbage-first heap   total 107520K, used 83714K [0x00000000a2600000, 0x0000000100000000)
  region size 1024K, 20 young (20480K), 1 survivors (1024K)
 Metaspace       used 60318K, committed 60608K, reserved 1114112K
  class space    used 6909K, committed 7040K, reserved 1048576K
}
Event: 20.357 GC heap after
{Heap after GC invocations=21 (full 0):
 garbage-first heap   total 107520K, used 67006K [0x00000000a2600000, 0x0000000100000000)
  region size 1024K, 3 young (3072K), 3 survivors (3072K)
 Metaspace       used 60318K, committed 60608K, reserved 1114112K
  class space    used 6909K, committed 7040K, reserved 1048576K
}
Event: 20.948 GC heap before
{Heap before GC invocations=22 (full 0):
 garbage-first heap   total 116736K, used 85438K [0x00000000a2600000, 0x0000000100000000)
  region size 1024K, 21 young (21504K), 3 survivors (3072K)
 Metaspace       used 64361K, committed 64640K, reserved 1114112K
  class space    used 7490K, committed 7616K, reserved 1048576K
}
Event: 20.960 GC heap after
{Heap after GC invocations=23 (full 0):
 garbage-first heap   total 116736K, used 68130K [0x00000000a2600000, 0x0000000100000000)
  region size 1024K, 2 young (2048K), 2 survivors (2048K)
 Metaspace       used 64361K, committed 64640K, reserved 1114112K
  class space    used 7490K, committed 7616K, reserved 1048576K
}
Event: 21.049 GC heap before
{Heap before GC invocations=23 (full 0):
 garbage-first heap   total 116736K, used 70178K [0x00000000a2600000, 0x0000000100000000)
  region size 1024K, 5 young (5120K), 2 survivors (2048K)
 Metaspace       used 64524K, committed 64832K, reserved 1114112K
  class space    used 7494K, committed 7616K, reserved 1048576K
}

